

############################
Sat Jul 15 16:32:08 EDT 2017
/Users/HJ/Documents/MATLAB/FLICA
/Applications/freesurfer/tktools/tksurfer.bin fsaverage lh inflated 
############################


############################
Sat Jul 15 17:49:37 EDT 2017
/Users/HJ/Documents/MATLAB/FLICA
/Applications/freesurfer/tktools/tksurfer.bin fsaverage lh inflated 
############################


############################
Sat Jul 15 20:03:08 EDT 2017
/Users/HJ/Documents/MATLAB/FLICA
/Applications/freesurfer/tktools/tksurfer.bin fsaverage rh inflated 
############################


############################
Wed Jul 26 17:58:25 EDT 2017
/Users/HJ/Documents/MATLAB/FLICA
/Applications/freesurfer/tktools/tksurfer.bin fsaverage rh infla 
############################


############################
Wed Jul 26 17:59:08 EDT 2017
/Users/HJ/Documents/MATLAB/FLICA
/Applications/freesurfer/tktools/tksurfer.bin fsaverage rh infla 
############################


############################
Wed Jul 26 18:00:05 EDT 2017
/Users/HJ/Documents/MATLAB/FLICA
/Applications/freesurfer/tktools/tksurfer.bin fsaverage rh inflated 
############################


############################
Wed Jul 26 18:02:21 EDT 2017
/Users/HJ/Documents/MATLAB/FLICA
/Applications/freesurfer/tktools/tksurfer.bin fsaverage rh inflated 
############################


############################
Wed Jul 26 18:24:08 EDT 2017
/Users/HJ/Documents/MATLAB/FLICA
/Applications/freesurfer/tktools/tksurfer.bin fsaverage lh inflated 
############################


############################
Thu Nov 30 11:25:13 EST 2017
/Users/HJ/Documents/MATLAB/FLICA
/Applications/freesurfer/tktools/tksurfer.bin fsaverage rh inflated 
############################


############################
Thu Nov 30 11:40:23 EST 2017
/Users/HJ/Documents/MATLAB/FLICA
/Applications/freesurfer/tktools/tksurfer.bin fsaverage lh inflated 
############################


############################
Fri Dec  1 18:10:37 EST 2017
/Users/HJ/Documents/MATLAB/FLICA
/Applications/freesurfer/tktools/tksurfer.bin fsaverage lh inflated 
############################


############################
Fri Dec  1 18:36:20 EST 2017
/Users/HJ/Documents/MATLAB/FLICA
/Applications/freesurfer/tktools/tksurfer.bin fsaverage rh inflated 
############################


############################
Mon Dec 18 13:58:05 EST 2017
/Users/HJ/Documents/MATLAB/FLICA
/Applications/freesurfer/tktools/tksurfer.bin fsaverage lh inflated 
############################


############################
Thu Jan 25 11:41:54 EST 2018
/Users/HJ/Documents/MATLAB/FLICA
/Applications/freesurfer_6.0/tktools/tksurfer.bin fsaverage rh inflated 
############################


############################
Thu Jan 25 11:46:30 EST 2018
/Users/HJ/Documents/MATLAB/FLICA
/Applications/freesurfer_6.0/tktools/tksurfer.bin fsaverage rh inflated 
############################
